2024-12-27 18:32:47 - INFO - Database tables created successfully.
2024-12-27 18:32:47 - INFO - Simulated sensor data inserted into the database.
2024-12-27 18:32:57 - INFO - Simulated sensor data inserted into the database.
2024-12-27 18:33:07 - INFO - Simulated sensor data inserted into the database.
2024-12-27 18:33:17 - INFO - Simulated sensor data inserted into the database.
2024-12-27 18:33:27 - INFO - Simulated sensor data inserted into the database.
2024-12-27 18:33:37 - INFO - Simulated sensor data inserted into the database.
2024-12-27 18:33:47 - INFO - Simulated sensor data inserted into the database.
2024-12-27 18:33:57 - INFO - Simulated sensor data inserted into the database.
2024-12-27 18:34:07 - INFO - Simulated sensor data inserted into the database.
2024-12-27 18:34:17 - INFO - Simulated sensor data inserted into the database.
2024-12-27 18:34:27 - INFO - Simulated sensor data inserted into the database.
2024-12-27 18:34:37 - INFO - Simulated sensor data inserted into the database.
2024-12-27 18:34:47 - INFO - Simulated sensor data inserted into the database.
2024-12-27 18:34:57 - INFO - Simulated sensor data inserted into the database.
2024-12-27 18:35:07 - INFO - Simulated sensor data inserted into the database.
2024-12-27 18:35:17 - INFO - Simulated sensor data inserted into the database.
2024-12-27 18:35:27 - INFO - Simulated sensor data inserted into the database.
2024-12-27 18:35:37 - INFO - Simulated sensor data inserted into the database.
2024-12-27 18:35:47 - INFO - Simulated sensor data inserted into the database.
2024-12-27 18:35:57 - INFO - Simulated sensor data inserted into the database.
2024-12-27 18:36:07 - INFO - Simulated sensor data inserted into the database.
2024-12-27 18:36:17 - INFO - Simulated sensor data inserted into the database.
2024-12-27 18:36:27 - INFO - Simulated sensor data inserted into the database.
2024-12-27 18:36:37 - INFO - Simulated sensor data inserted into the database.
2024-12-27 18:36:47 - INFO - Simulated sensor data inserted into the database.
2024-12-27 18:36:57 - INFO - Simulated sensor data inserted into the database.
2024-12-27 18:37:07 - INFO - Simulated sensor data inserted into the database.
2024-12-27 18:37:18 - INFO - Simulated sensor data inserted into the database.
2024-12-27 18:37:28 - INFO - Simulated sensor data inserted into the database.
2024-12-27 18:37:38 - INFO - Simulated sensor data inserted into the database.
2024-12-27 18:37:48 - INFO - Simulated sensor data inserted into the database.
2024-12-27 18:37:58 - INFO - Simulated sensor data inserted into the database.
2024-12-27 18:38:08 - INFO - Simulated sensor data inserted into the database.
2024-12-27 18:38:18 - INFO - Simulated sensor data inserted into the database.
2024-12-27 18:38:28 - INFO - Simulated sensor data inserted into the database.
2024-12-27 18:38:38 - INFO - Simulated sensor data inserted into the database.
2024-12-27 18:38:48 - INFO - Simulated sensor data inserted into the database.
2024-12-27 18:38:58 - INFO - Simulated sensor data inserted into the database.
2024-12-27 18:39:08 - INFO - Simulated sensor data inserted into the database.
2024-12-27 18:39:18 - INFO - Simulated sensor data inserted into the database.
2024-12-27 18:39:28 - INFO - Simulated sensor data inserted into the database.
2024-12-27 18:39:38 - INFO - Simulated sensor data inserted into the database.
2024-12-27 18:39:48 - INFO - Simulated sensor data inserted into the database.
2024-12-27 18:39:58 - INFO - Simulated sensor data inserted into the database.
2024-12-27 18:40:08 - INFO - Simulated sensor data inserted into the database.
2024-12-27 18:40:18 - INFO - Simulated sensor data inserted into the database.
2024-12-27 18:40:28 - INFO - Simulated sensor data inserted into the database.
2024-12-27 18:40:38 - INFO - Simulated sensor data inserted into the database.
2024-12-27 18:40:48 - INFO - Simulated sensor data inserted into the database.
2024-12-27 18:40:58 - INFO - Simulated sensor data inserted into the database.
2024-12-27 18:41:08 - INFO - Simulated sensor data inserted into the database.
2024-12-27 18:41:18 - INFO - Simulated sensor data inserted into the database.
2024-12-27 18:41:28 - INFO - Simulated sensor data inserted into the database.
2024-12-27 18:41:38 - INFO - Simulated sensor data inserted into the database.
2024-12-27 18:41:48 - INFO - Simulated sensor data inserted into the database.
2024-12-27 18:41:58 - INFO - Simulated sensor data inserted into the database.
2024-12-27 18:42:08 - INFO - Simulated sensor data inserted into the database.
2024-12-27 18:42:18 - INFO - Simulated sensor data inserted into the database.
2024-12-27 18:47:17 - ERROR - Database error: (pyodbc.ProgrammingError) ('42000', '[42000] [Microsoft][ODBC Driver 17 for SQL Server][SQL Server]The specified schema name "hvac_uno" either does not exist or you do not have permission to use it. (2760) (SQLExecDirectW)')
[SQL: 
CREATE TABLE hvac_uno.sensor_data (
	id INTEGER NOT NULL IDENTITY, 
	timestamp DATETIME NULL, 
	temperature_inlet FLOAT NULL, 
	temperature_outlet FLOAT NULL, 
	humidity FLOAT NULL, 
	current_phase1 FLOAT NULL, 
	current_phase2 FLOAT NULL, 
	current_phase3 FLOAT NULL, 
	pressure FLOAT NULL, 
	PRIMARY KEY (id)
)

]
(Background on this error at: https://sqlalche.me/e/20/f405)
2024-12-27 18:47:17 - ERROR - Failed to initialize database: (pyodbc.ProgrammingError) ('42000', '[42000] [Microsoft][ODBC Driver 17 for SQL Server][SQL Server]The specified schema name "hvac_uno" either does not exist or you do not have permission to use it. (2760) (SQLExecDirectW)')
[SQL: 
CREATE TABLE hvac_uno.sensor_data (
	id INTEGER NOT NULL IDENTITY, 
	timestamp DATETIME NULL, 
	temperature_inlet FLOAT NULL, 
	temperature_outlet FLOAT NULL, 
	humidity FLOAT NULL, 
	current_phase1 FLOAT NULL, 
	current_phase2 FLOAT NULL, 
	current_phase3 FLOAT NULL, 
	pressure FLOAT NULL, 
	PRIMARY KEY (id)
)

]
(Background on this error at: https://sqlalche.me/e/20/f405)
2024-12-27 18:53:07 - INFO - Database tables created successfully.
2024-12-27 18:54:26 - INFO - Database tables created successfully.
2024-12-27 18:54:41 - INFO - Database tables created successfully.
2024-12-27 18:55:41 - INFO - Simulated sensor data inserted into the database.
2024-12-27 18:56:41 - INFO - Simulated sensor data inserted into the database.
2024-12-27 18:57:41 - INFO - Simulated sensor data inserted into the database.
2024-12-27 18:58:41 - INFO - Simulated sensor data inserted into the database.
2024-12-27 18:59:41 - INFO - Simulated sensor data inserted into the database.
2024-12-27 19:03:59 - INFO - Database table for sensor data created successfully.
2024-12-27 19:04:15 - INFO - Simulated sensor data inserted into the database.
2024-12-27 19:04:44 - INFO - Simulated sensor data inserted into the database.
2024-12-27 19:04:46 - INFO - Simulated sensor data inserted into the database.
2024-12-27 19:05:01 - INFO - Simulated sensor data inserted into the database.
2024-12-27 19:05:16 - INFO - Simulated sensor data inserted into the database.
2024-12-27 19:05:31 - INFO - Simulated sensor data inserted into the database.
2024-12-27 19:05:46 - INFO - Simulated sensor data inserted into the database.
2024-12-27 19:06:01 - INFO - Simulated sensor data inserted into the database.
2024-12-27 19:06:16 - INFO - Simulated sensor data inserted into the database.
2024-12-27 19:06:31 - INFO - Simulated sensor data inserted into the database.
2024-12-27 19:06:46 - INFO - Simulated sensor data inserted into the database.
2024-12-27 19:07:01 - INFO - Simulated sensor data inserted into the database.
2024-12-27 19:07:16 - INFO - Simulated sensor data inserted into the database.
2024-12-27 19:07:31 - INFO - Simulated sensor data inserted into the database.
2024-12-27 19:07:46 - INFO - Simulated sensor data inserted into the database.
2024-12-27 19:08:01 - INFO - Simulated sensor data inserted into the database.
2024-12-27 19:08:16 - INFO - Simulated sensor data inserted into the database.
2024-12-27 19:08:31 - INFO - Simulated sensor data inserted into the database.
2024-12-27 19:08:46 - INFO - Simulated sensor data inserted into the database.
2024-12-27 19:09:01 - INFO - Simulated sensor data inserted into the database.
2024-12-27 19:09:16 - INFO - Simulated sensor data inserted into the database.
2024-12-27 19:09:31 - INFO - Simulated sensor data inserted into the database.
2024-12-27 19:09:46 - INFO - Simulated sensor data inserted into the database.
2024-12-27 19:10:01 - INFO - Simulated sensor data inserted into the database.
2024-12-27 19:10:16 - INFO - Simulated sensor data inserted into the database.
2024-12-27 19:10:31 - INFO - Simulated sensor data inserted into the database.
2024-12-27 19:10:46 - INFO - Simulated sensor data inserted into the database.
2024-12-27 19:11:01 - INFO - Simulated sensor data inserted into the database.
2024-12-27 19:11:16 - INFO - Simulated sensor data inserted into the database.
2024-12-27 19:11:31 - INFO - Simulated sensor data inserted into the database.
2024-12-27 19:11:46 - INFO - Simulated sensor data inserted into the database.
2024-12-27 19:12:01 - INFO - Simulated sensor data inserted into the database.
2024-12-27 19:12:16 - INFO - Simulated sensor data inserted into the database.
2024-12-27 19:13:38 - INFO - Database table for sensor data created successfully.
2024-12-27 19:13:53 - INFO - Simulated sensor data inserted into the database.
2024-12-27 19:14:08 - INFO - Simulated sensor data inserted into the database.
2024-12-27 19:14:23 - INFO - Simulated sensor data inserted into the database.
2024-12-27 19:14:38 - INFO - Simulated sensor data inserted into the database.
2024-12-27 19:14:53 - INFO - Simulated sensor data inserted into the database.
2024-12-27 19:15:08 - INFO - Simulated sensor data inserted into the database.
2024-12-27 19:15:23 - INFO - Simulated sensor data inserted into the database.
2024-12-27 19:15:38 - INFO - Simulated sensor data inserted into the database.
2024-12-27 19:15:53 - INFO - Simulated sensor data inserted into the database.
2024-12-27 19:16:08 - INFO - Simulated sensor data inserted into the database.
2024-12-27 19:16:23 - INFO - Simulated sensor data inserted into the database.
2024-12-27 19:16:38 - INFO - Simulated sensor data inserted into the database.
2024-12-27 19:16:53 - INFO - Simulated sensor data inserted into the database.
2024-12-27 19:17:08 - INFO - Simulated sensor data inserted into the database.
2024-12-27 19:17:23 - INFO - Simulated sensor data inserted into the database.
2024-12-27 19:17:38 - INFO - Simulated sensor data inserted into the database.
2024-12-27 19:17:53 - INFO - Simulated sensor data inserted into the database.
2024-12-27 19:18:08 - INFO - Simulated sensor data inserted into the database.
2024-12-27 19:18:23 - INFO - Simulated sensor data inserted into the database.
2024-12-27 19:18:38 - INFO - Simulated sensor data inserted into the database.
2024-12-27 19:18:53 - INFO - Simulated sensor data inserted into the database.
2024-12-27 19:19:08 - INFO - Simulated sensor data inserted into the database.
2024-12-27 19:19:23 - INFO - Simulated sensor data inserted into the database.
2024-12-27 19:19:38 - INFO - Simulated sensor data inserted into the database.
2024-12-27 19:19:53 - INFO - Simulated sensor data inserted into the database.
2024-12-27 19:20:08 - INFO - Simulated sensor data inserted into the database.
2024-12-27 19:20:23 - INFO - Simulated sensor data inserted into the database.
2024-12-27 19:20:38 - INFO - Simulated sensor data inserted into the database.
2024-12-27 19:20:53 - INFO - Simulated sensor data inserted into the database.
2024-12-27 19:21:08 - INFO - Simulated sensor data inserted into the database.
2024-12-27 19:21:23 - INFO - Simulated sensor data inserted into the database.
2024-12-27 19:21:38 - INFO - Simulated sensor data inserted into the database.
2024-12-27 19:21:53 - INFO - Simulated sensor data inserted into the database.
2024-12-27 19:22:08 - INFO - Simulated sensor data inserted into the database.
2024-12-27 19:22:23 - INFO - Simulated sensor data inserted into the database.
2024-12-27 19:22:38 - INFO - Simulated sensor data inserted into the database.
2024-12-27 19:22:53 - INFO - Simulated sensor data inserted into the database.
2024-12-27 19:23:08 - INFO - Simulated sensor data inserted into the database.
2024-12-27 19:23:23 - INFO - Simulated sensor data inserted into the database.
2024-12-27 19:23:39 - INFO - Simulated sensor data inserted into the database.
2024-12-27 19:23:54 - INFO - Simulated sensor data inserted into the database.
2024-12-27 19:24:09 - INFO - Simulated sensor data inserted into the database.
2024-12-27 19:24:24 - INFO - Simulated sensor data inserted into the database.
2024-12-27 19:24:39 - INFO - Simulated sensor data inserted into the database.
2024-12-27 19:24:54 - INFO - Simulated sensor data inserted into the database.
2024-12-27 19:25:09 - INFO - Simulated sensor data inserted into the database.
2024-12-27 19:25:24 - INFO - Simulated sensor data inserted into the database.
2024-12-27 19:25:39 - INFO - Simulated sensor data inserted into the database.
2024-12-27 19:25:54 - INFO - Simulated sensor data inserted into the database.
2024-12-27 19:26:09 - INFO - Simulated sensor data inserted into the database.
2024-12-27 19:26:24 - INFO - Simulated sensor data inserted into the database.
2024-12-27 19:26:39 - INFO - Simulated sensor data inserted into the database.
2024-12-27 19:26:54 - INFO - Simulated sensor data inserted into the database.
2024-12-27 19:27:09 - INFO - Simulated sensor data inserted into the database.
2024-12-27 19:27:24 - INFO - Simulated sensor data inserted into the database.
2024-12-27 19:27:39 - INFO - Simulated sensor data inserted into the database.
2024-12-27 19:27:54 - INFO - Simulated sensor data inserted into the database.
2024-12-27 19:28:09 - INFO - Simulated sensor data inserted into the database.
2024-12-27 19:28:24 - INFO - Simulated sensor data inserted into the database.
2024-12-27 19:28:39 - INFO - Simulated sensor data inserted into the database.
2024-12-27 19:28:54 - INFO - Simulated sensor data inserted into the database.
2024-12-27 19:29:09 - INFO - Simulated sensor data inserted into the database.
2024-12-27 19:29:24 - INFO - Simulated sensor data inserted into the database.
2024-12-27 19:29:39 - INFO - Simulated sensor data inserted into the database.
2024-12-27 19:29:54 - INFO - Simulated sensor data inserted into the database.
2024-12-27 19:30:09 - INFO - Simulated sensor data inserted into the database.
2024-12-27 19:30:24 - INFO - Simulated sensor data inserted into the database.
2024-12-27 19:30:39 - INFO - Simulated sensor data inserted into the database.
2024-12-27 19:30:54 - INFO - Simulated sensor data inserted into the database.
2024-12-27 19:31:09 - INFO - Simulated sensor data inserted into the database.
2024-12-27 19:31:24 - INFO - Simulated sensor data inserted into the database.
2024-12-27 19:31:39 - INFO - Simulated sensor data inserted into the database.
2024-12-27 19:31:54 - INFO - Simulated sensor data inserted into the database.
2024-12-27 19:32:09 - INFO - Simulated sensor data inserted into the database.
2024-12-27 19:32:24 - INFO - Simulated sensor data inserted into the database.
2024-12-27 19:32:39 - INFO - Simulated sensor data inserted into the database.
2024-12-27 19:32:54 - INFO - Simulated sensor data inserted into the database.
2024-12-27 19:33:09 - INFO - Simulated sensor data inserted into the database.
2024-12-27 19:33:24 - INFO - Simulated sensor data inserted into the database.
2024-12-27 19:33:39 - INFO - Simulated sensor data inserted into the database.
2024-12-27 19:33:54 - INFO - Simulated sensor data inserted into the database.
2024-12-27 19:34:09 - INFO - Simulated sensor data inserted into the database.
2024-12-27 19:34:25 - INFO - Simulated sensor data inserted into the database.
2024-12-27 19:34:40 - INFO - Simulated sensor data inserted into the database.
2024-12-27 19:34:55 - INFO - Simulated sensor data inserted into the database.
2024-12-27 19:35:10 - INFO - Simulated sensor data inserted into the database.
2024-12-27 19:35:25 - INFO - Simulated sensor data inserted into the database.
2024-12-27 19:35:40 - INFO - Simulated sensor data inserted into the database.
2024-12-27 19:35:55 - INFO - Simulated sensor data inserted into the database.
2024-12-27 19:36:10 - INFO - Simulated sensor data inserted into the database.
2024-12-27 19:36:25 - INFO - Simulated sensor data inserted into the database.
2024-12-27 19:36:40 - INFO - Simulated sensor data inserted into the database.
2024-12-27 19:36:55 - INFO - Simulated sensor data inserted into the database.
2024-12-27 19:37:10 - INFO - Simulated sensor data inserted into the database.
2024-12-27 19:37:25 - INFO - Simulated sensor data inserted into the database.
2024-12-27 19:37:40 - INFO - Simulated sensor data inserted into the database.
2024-12-27 19:37:55 - INFO - Simulated sensor data inserted into the database.
2024-12-27 19:38:10 - INFO - Simulated sensor data inserted into the database.
2024-12-27 19:38:25 - INFO - Simulated sensor data inserted into the database.
2024-12-27 19:38:40 - INFO - Simulated sensor data inserted into the database.
2024-12-27 19:38:55 - INFO - Simulated sensor data inserted into the database.
2024-12-27 19:39:10 - INFO - Simulated sensor data inserted into the database.
2024-12-27 19:39:25 - INFO - Simulated sensor data inserted into the database.
2024-12-27 19:39:40 - INFO - Simulated sensor data inserted into the database.
2024-12-27 19:39:55 - INFO - Simulated sensor data inserted into the database.
2024-12-27 19:40:10 - INFO - Simulated sensor data inserted into the database.
2024-12-27 19:40:25 - INFO - Simulated sensor data inserted into the database.
2024-12-27 19:40:40 - INFO - Simulated sensor data inserted into the database.
2024-12-27 19:40:55 - INFO - Simulated sensor data inserted into the database.
2024-12-27 19:41:10 - INFO - Simulated sensor data inserted into the database.
2024-12-27 19:41:25 - INFO - Simulated sensor data inserted into the database.
2024-12-27 19:41:40 - INFO - Simulated sensor data inserted into the database.
2024-12-27 19:41:55 - INFO - Simulated sensor data inserted into the database.
2024-12-27 19:42:10 - INFO - Simulated sensor data inserted into the database.
2024-12-27 19:42:25 - INFO - Simulated sensor data inserted into the database.
2024-12-27 19:42:40 - INFO - Simulated sensor data inserted into the database.
2024-12-27 19:42:55 - INFO - Simulated sensor data inserted into the database.
2024-12-27 19:43:10 - INFO - Simulated sensor data inserted into the database.
2024-12-27 19:43:25 - INFO - Simulated sensor data inserted into the database.
2024-12-27 19:43:40 - INFO - Simulated sensor data inserted into the database.
2024-12-27 19:43:55 - INFO - Simulated sensor data inserted into the database.
2024-12-27 19:44:10 - INFO - Simulated sensor data inserted into the database.
2024-12-27 19:44:25 - INFO - Simulated sensor data inserted into the database.
2024-12-27 19:44:41 - INFO - Simulated sensor data inserted into the database.
2024-12-27 19:44:56 - INFO - Simulated sensor data inserted into the database.
2024-12-27 19:45:11 - INFO - Simulated sensor data inserted into the database.
2024-12-27 19:45:26 - INFO - Simulated sensor data inserted into the database.
2024-12-27 19:45:41 - INFO - Simulated sensor data inserted into the database.
2024-12-27 19:45:56 - INFO - Simulated sensor data inserted into the database.
2024-12-27 19:46:11 - INFO - Simulated sensor data inserted into the database.
2024-12-27 19:46:26 - INFO - Simulated sensor data inserted into the database.
2024-12-27 19:46:41 - INFO - Simulated sensor data inserted into the database.
2024-12-27 19:46:56 - INFO - Simulated sensor data inserted into the database.
2024-12-27 19:47:11 - INFO - Simulated sensor data inserted into the database.
2024-12-27 19:47:26 - INFO - Simulated sensor data inserted into the database.
2024-12-27 19:47:41 - INFO - Simulated sensor data inserted into the database.
2024-12-27 19:47:56 - INFO - Simulated sensor data inserted into the database.
2024-12-27 19:48:11 - INFO - Simulated sensor data inserted into the database.
2024-12-27 19:48:26 - INFO - Simulated sensor data inserted into the database.
2024-12-27 19:48:41 - INFO - Simulated sensor data inserted into the database.
2024-12-27 19:48:56 - INFO - Simulated sensor data inserted into the database.
2024-12-27 19:49:11 - INFO - Simulated sensor data inserted into the database.
2024-12-27 19:49:26 - INFO - Simulated sensor data inserted into the database.
2024-12-27 19:49:41 - INFO - Simulated sensor data inserted into the database.
2024-12-27 19:49:56 - INFO - Simulated sensor data inserted into the database.
2024-12-27 19:50:11 - INFO - Simulated sensor data inserted into the database.
2024-12-27 19:50:26 - INFO - Simulated sensor data inserted into the database.
2024-12-27 19:50:41 - INFO - Simulated sensor data inserted into the database.
2024-12-27 19:50:56 - INFO - Simulated sensor data inserted into the database.
2024-12-27 19:51:11 - INFO - Simulated sensor data inserted into the database.
2024-12-27 19:51:26 - INFO - Simulated sensor data inserted into the database.
2024-12-27 19:51:41 - INFO - Simulated sensor data inserted into the database.
2024-12-27 19:51:56 - INFO - Simulated sensor data inserted into the database.
2024-12-27 19:52:11 - INFO - Simulated sensor data inserted into the database.
2024-12-27 19:52:26 - INFO - Simulated sensor data inserted into the database.
2024-12-27 19:52:41 - INFO - Simulated sensor data inserted into the database.
2024-12-27 19:52:56 - INFO - Simulated sensor data inserted into the database.
2024-12-27 19:53:11 - INFO - Simulated sensor data inserted into the database.
2024-12-27 19:53:26 - INFO - Simulated sensor data inserted into the database.
2024-12-27 19:53:41 - INFO - Simulated sensor data inserted into the database.
2024-12-27 19:53:56 - INFO - Simulated sensor data inserted into the database.
2024-12-27 19:54:11 - INFO - Simulated sensor data inserted into the database.
2024-12-27 19:54:26 - INFO - Simulated sensor data inserted into the database.
2024-12-27 19:54:41 - INFO - Simulated sensor data inserted into the database.
2024-12-27 19:54:56 - INFO - Simulated sensor data inserted into the database.
2024-12-27 19:55:11 - INFO - Simulated sensor data inserted into the database.
2024-12-27 19:55:27 - INFO - Simulated sensor data inserted into the database.
2024-12-27 19:55:42 - INFO - Simulated sensor data inserted into the database.
2024-12-27 19:55:57 - INFO - Simulated sensor data inserted into the database.
2024-12-27 19:56:12 - INFO - Simulated sensor data inserted into the database.
2024-12-27 19:56:27 - INFO - Simulated sensor data inserted into the database.
2024-12-27 19:56:42 - INFO - Simulated sensor data inserted into the database.
2024-12-27 19:56:57 - INFO - Simulated sensor data inserted into the database.
2024-12-27 19:57:12 - INFO - Simulated sensor data inserted into the database.
2024-12-27 19:57:27 - INFO - Simulated sensor data inserted into the database.
2024-12-27 19:57:42 - INFO - Simulated sensor data inserted into the database.
2024-12-27 19:57:57 - INFO - Simulated sensor data inserted into the database.
2024-12-27 19:58:12 - INFO - Simulated sensor data inserted into the database.
2024-12-27 19:58:27 - INFO - Simulated sensor data inserted into the database.
2024-12-27 19:58:42 - INFO - Simulated sensor data inserted into the database.
2024-12-27 19:58:57 - INFO - Simulated sensor data inserted into the database.
2024-12-27 19:59:12 - INFO - Simulated sensor data inserted into the database.
2024-12-27 19:59:27 - INFO - Simulated sensor data inserted into the database.
2024-12-27 19:59:42 - INFO - Simulated sensor data inserted into the database.
2024-12-27 19:59:57 - INFO - Simulated sensor data inserted into the database.
2024-12-27 20:00:12 - INFO - Simulated sensor data inserted into the database.
2024-12-27 20:00:27 - INFO - Simulated sensor data inserted into the database.
2024-12-27 20:00:42 - INFO - Simulated sensor data inserted into the database.
2024-12-27 20:00:57 - INFO - Simulated sensor data inserted into the database.
2024-12-27 20:01:12 - INFO - Simulated sensor data inserted into the database.
2024-12-27 20:01:27 - INFO - Simulated sensor data inserted into the database.
2024-12-27 20:01:42 - INFO - Simulated sensor data inserted into the database.
2024-12-27 20:01:57 - INFO - Simulated sensor data inserted into the database.
2024-12-27 20:02:12 - INFO - Simulated sensor data inserted into the database.
2024-12-27 20:02:27 - INFO - Simulated sensor data inserted into the database.
2024-12-27 20:02:42 - INFO - Simulated sensor data inserted into the database.
2024-12-27 20:02:57 - INFO - Simulated sensor data inserted into the database.
2024-12-27 20:03:12 - INFO - Simulated sensor data inserted into the database.
2024-12-27 20:03:27 - INFO - Simulated sensor data inserted into the database.
2024-12-27 20:03:42 - INFO - Simulated sensor data inserted into the database.
2024-12-27 20:03:57 - INFO - Simulated sensor data inserted into the database.
2024-12-27 20:04:12 - INFO - Simulated sensor data inserted into the database.
2024-12-27 20:04:27 - INFO - Simulated sensor data inserted into the database.
2024-12-27 20:04:42 - INFO - Simulated sensor data inserted into the database.
2024-12-27 20:04:57 - INFO - Simulated sensor data inserted into the database.
2024-12-27 20:08:09 - INFO - Database table for sensor data created successfully.
2024-12-27 20:08:09 - INFO - Connected to MQTT broker at localhost
2024-12-27 20:08:09 - INFO - MQTT connection successful.
2024-12-27 20:08:09 - INFO - Subscribed to MQTT topic: hvac/config
2024-12-27 20:08:24 - INFO - Simulated sensor data inserted into the database.
2024-12-27 20:08:39 - INFO - Simulated sensor data inserted into the database.
2024-12-27 20:08:54 - INFO - Simulated sensor data inserted into the database.
2024-12-27 20:09:09 - INFO - Simulated sensor data inserted into the database.
2024-12-27 20:09:24 - INFO - Simulated sensor data inserted into the database.
2024-12-27 20:09:39 - INFO - Simulated sensor data inserted into the database.
2024-12-27 20:09:54 - INFO - Simulated sensor data inserted into the database.
2024-12-27 20:10:09 - INFO - Simulated sensor data inserted into the database.
2024-12-27 20:10:24 - INFO - Simulated sensor data inserted into the database.
2024-12-27 20:10:39 - INFO - Simulated sensor data inserted into the database.
2024-12-27 20:10:54 - INFO - Simulated sensor data inserted into the database.
2024-12-27 20:11:09 - INFO - Simulated sensor data inserted into the database.
2024-12-27 20:11:24 - INFO - Simulated sensor data inserted into the database.
2024-12-27 20:11:40 - INFO - Simulated sensor data inserted into the database.
2024-12-27 20:11:55 - INFO - Simulated sensor data inserted into the database.
2024-12-27 20:12:10 - INFO - Simulated sensor data inserted into the database.
2024-12-27 20:12:25 - INFO - Simulated sensor data inserted into the database.
2024-12-27 20:12:40 - INFO - Simulated sensor data inserted into the database.
2024-12-27 20:12:55 - INFO - Simulated sensor data inserted into the database.
2024-12-27 20:13:10 - INFO - Simulated sensor data inserted into the database.
2024-12-27 20:13:25 - INFO - Simulated sensor data inserted into the database.
2024-12-27 20:13:40 - INFO - Simulated sensor data inserted into the database.
2024-12-27 20:13:55 - INFO - Simulated sensor data inserted into the database.
2024-12-27 20:14:10 - INFO - Simulated sensor data inserted into the database.
2024-12-27 20:14:25 - INFO - Simulated sensor data inserted into the database.
2024-12-27 20:14:40 - INFO - Simulated sensor data inserted into the database.
2024-12-27 20:14:56 - INFO - Simulated sensor data inserted into the database.
2024-12-27 20:15:11 - INFO - Simulated sensor data inserted into the database.
2024-12-27 20:15:26 - INFO - Simulated sensor data inserted into the database.
2024-12-27 20:15:41 - INFO - Simulated sensor data inserted into the database.
2024-12-27 20:15:56 - INFO - Simulated sensor data inserted into the database.
2024-12-27 20:16:11 - INFO - Simulated sensor data inserted into the database.
2024-12-27 20:16:26 - INFO - Simulated sensor data inserted into the database.
2024-12-27 20:16:41 - INFO - Simulated sensor data inserted into the database.
2024-12-27 20:16:56 - INFO - Simulated sensor data inserted into the database.
2024-12-27 20:17:11 - INFO - Simulated sensor data inserted into the database.
2024-12-27 20:17:26 - INFO - Simulated sensor data inserted into the database.
2024-12-27 20:17:41 - INFO - Simulated sensor data inserted into the database.
2024-12-27 20:17:56 - INFO - Simulated sensor data inserted into the database.
2024-12-27 20:18:11 - INFO - Simulated sensor data inserted into the database.
2024-12-27 20:18:26 - INFO - Simulated sensor data inserted into the database.
2024-12-27 20:18:41 - INFO - Simulated sensor data inserted into the database.
2024-12-27 20:18:56 - INFO - Simulated sensor data inserted into the database.
2024-12-27 20:19:11 - INFO - Simulated sensor data inserted into the database.
2024-12-27 20:19:26 - INFO - Simulated sensor data inserted into the database.
2024-12-27 20:19:41 - INFO - Simulated sensor data inserted into the database.
2024-12-27 20:19:56 - INFO - Simulated sensor data inserted into the database.
2024-12-27 20:20:11 - INFO - Simulated sensor data inserted into the database.
2024-12-27 20:20:27 - INFO - Simulated sensor data inserted into the database.
2024-12-27 20:20:42 - INFO - Simulated sensor data inserted into the database.
2024-12-27 20:20:57 - INFO - Simulated sensor data inserted into the database.
2024-12-27 20:21:12 - INFO - Simulated sensor data inserted into the database.
2024-12-27 20:21:27 - INFO - Simulated sensor data inserted into the database.
2024-12-27 20:21:42 - INFO - Simulated sensor data inserted into the database.
2024-12-27 20:21:57 - INFO - Simulated sensor data inserted into the database.
2024-12-27 20:22:12 - INFO - Simulated sensor data inserted into the database.
2024-12-27 20:22:27 - INFO - Simulated sensor data inserted into the database.
2024-12-27 20:22:42 - INFO - Simulated sensor data inserted into the database.
2024-12-27 20:22:57 - INFO - Simulated sensor data inserted into the database.
2024-12-27 20:23:12 - INFO - Simulated sensor data inserted into the database.
2024-12-27 20:23:27 - INFO - Simulated sensor data inserted into the database.
2024-12-27 20:23:42 - INFO - Simulated sensor data inserted into the database.
2024-12-27 20:23:57 - INFO - Simulated sensor data inserted into the database.
2024-12-27 20:24:12 - INFO - Simulated sensor data inserted into the database.
2024-12-27 20:24:27 - INFO - Simulated sensor data inserted into the database.
2024-12-27 20:24:42 - INFO - Simulated sensor data inserted into the database.
2024-12-27 20:24:57 - INFO - Simulated sensor data inserted into the database.
2024-12-27 20:25:12 - INFO - Simulated sensor data inserted into the database.
2024-12-27 20:25:27 - INFO - Simulated sensor data inserted into the database.
2024-12-27 20:25:42 - INFO - Simulated sensor data inserted into the database.
2024-12-27 20:25:58 - INFO - Simulated sensor data inserted into the database.
2024-12-27 20:26:13 - INFO - Simulated sensor data inserted into the database.
2024-12-27 20:26:28 - INFO - Simulated sensor data inserted into the database.
2024-12-27 20:26:43 - INFO - Simulated sensor data inserted into the database.
2024-12-27 20:26:47 - INFO - Disconnected from MQTT broker.
2024-12-27 20:26:54 - INFO - Database table for sensor data created successfully.
2024-12-27 20:26:54 - INFO - Connected to MQTT broker at localhost
2024-12-27 20:26:54 - INFO - MQTT connection successful.
2024-12-27 20:26:54 - INFO - Subscribed to MQTT topic: hvac/config
2024-12-27 20:27:10 - INFO - Simulated sensor data inserted into the database.
2024-12-27 20:27:25 - INFO - Simulated sensor data inserted into the database.
2024-12-27 20:27:40 - INFO - Simulated sensor data inserted into the database.
2024-12-27 20:27:55 - INFO - Simulated sensor data inserted into the database.
2024-12-27 20:28:10 - INFO - Simulated sensor data inserted into the database.
2024-12-27 20:28:25 - INFO - Simulated sensor data inserted into the database.
2024-12-27 20:28:40 - INFO - Simulated sensor data inserted into the database.
2024-12-27 20:28:55 - INFO - Simulated sensor data inserted into the database.
2024-12-27 20:29:10 - INFO - Simulated sensor data inserted into the database.
2024-12-27 20:29:15 - INFO - MQTT connection successful.
2024-12-27 20:29:15 - INFO - Subscribed to MQTT topic: hvac/config
2024-12-27 20:29:25 - INFO - Simulated sensor data inserted into the database.
2024-12-27 20:29:40 - INFO - Simulated sensor data inserted into the database.
2024-12-27 20:29:55 - INFO - Simulated sensor data inserted into the database.
2024-12-27 20:30:10 - INFO - Simulated sensor data inserted into the database.
2024-12-27 20:30:25 - INFO - Simulated sensor data inserted into the database.
2024-12-27 20:30:40 - INFO - Simulated sensor data inserted into the database.
2024-12-27 20:30:55 - INFO - Simulated sensor data inserted into the database.
2024-12-27 20:31:10 - INFO - Simulated sensor data inserted into the database.
2024-12-27 20:31:25 - INFO - Simulated sensor data inserted into the database.
2024-12-27 20:31:40 - INFO - Simulated sensor data inserted into the database.
2024-12-27 20:31:55 - INFO - Simulated sensor data inserted into the database.
2024-12-27 20:32:10 - INFO - Simulated sensor data inserted into the database.
2024-12-27 20:32:25 - INFO - Simulated sensor data inserted into the database.
2024-12-27 20:32:41 - INFO - Simulated sensor data inserted into the database.
2024-12-27 20:32:56 - INFO - Simulated sensor data inserted into the database.
2024-12-27 20:33:11 - INFO - Simulated sensor data inserted into the database.
2024-12-27 20:33:17 - INFO - Received message on topic hvac/config: {GLOBAL: {polling_interval: 5}}
2024-12-27 20:33:17 - ERROR - Received invalid JSON payload.
2024-12-27 20:33:26 - INFO - Simulated sensor data inserted into the database.
2024-12-27 20:33:41 - INFO - Simulated sensor data inserted into the database.
2024-12-27 20:33:56 - INFO - Simulated sensor data inserted into the database.
2024-12-27 20:34:11 - INFO - Simulated sensor data inserted into the database.
2024-12-27 20:34:26 - INFO - Simulated sensor data inserted into the database.
2024-12-27 20:34:41 - INFO - Simulated sensor data inserted into the database.
2024-12-27 20:34:46 - INFO - Received message on topic hvac/config: {GLOBAL: {polling_interval: 5}}
2024-12-27 20:34:46 - ERROR - Received invalid JSON payload.
2024-12-27 20:34:56 - INFO - Simulated sensor data inserted into the database.
2024-12-27 20:35:11 - INFO - Simulated sensor data inserted into the database.
2024-12-27 20:35:26 - INFO - Simulated sensor data inserted into the database.
2024-12-27 20:35:41 - INFO - Simulated sensor data inserted into the database.
2024-12-27 20:35:56 - INFO - Simulated sensor data inserted into the database.
2024-12-27 20:36:11 - INFO - Simulated sensor data inserted into the database.
2024-12-27 20:36:26 - INFO - Simulated sensor data inserted into the database.
2024-12-27 20:36:41 - INFO - Simulated sensor data inserted into the database.
2024-12-27 20:36:56 - INFO - Simulated sensor data inserted into the database.
2024-12-27 20:37:11 - INFO - Simulated sensor data inserted into the database.
2024-12-27 20:37:26 - INFO - Simulated sensor data inserted into the database.
2024-12-27 20:37:41 - INFO - Simulated sensor data inserted into the database.
2024-12-27 20:37:56 - INFO - Simulated sensor data inserted into the database.
2024-12-27 20:38:12 - INFO - Simulated sensor data inserted into the database.
2024-12-27 20:38:27 - INFO - Simulated sensor data inserted into the database.
2024-12-27 20:38:42 - INFO - Simulated sensor data inserted into the database.
2024-12-27 20:38:57 - INFO - Simulated sensor data inserted into the database.
2024-12-27 20:39:12 - INFO - Simulated sensor data inserted into the database.
2024-12-27 20:39:27 - INFO - Simulated sensor data inserted into the database.
2024-12-27 20:39:42 - INFO - Simulated sensor data inserted into the database.
2024-12-27 20:39:57 - INFO - Simulated sensor data inserted into the database.
2024-12-27 20:40:12 - INFO - Simulated sensor data inserted into the database.
2024-12-27 20:40:27 - INFO - Simulated sensor data inserted into the database.
2024-12-27 20:40:42 - INFO - Simulated sensor data inserted into the database.
2024-12-27 20:40:57 - INFO - Simulated sensor data inserted into the database.
2024-12-27 20:41:12 - INFO - Simulated sensor data inserted into the database.
2024-12-27 20:41:27 - INFO - Simulated sensor data inserted into the database.
2024-12-27 20:41:42 - INFO - Simulated sensor data inserted into the database.
2024-12-27 20:41:57 - INFO - Simulated sensor data inserted into the database.
2024-12-27 20:42:12 - INFO - Simulated sensor data inserted into the database.
2024-12-27 20:42:27 - INFO - Simulated sensor data inserted into the database.
2024-12-27 20:42:42 - INFO - Simulated sensor data inserted into the database.
2024-12-27 20:42:57 - INFO - Simulated sensor data inserted into the database.
2024-12-27 20:43:12 - INFO - Simulated sensor data inserted into the database.
2024-12-27 20:43:27 - INFO - Simulated sensor data inserted into the database.
2024-12-27 20:43:42 - INFO - Simulated sensor data inserted into the database.
2024-12-27 20:43:57 - INFO - Simulated sensor data inserted into the database.
2024-12-27 20:44:12 - INFO - Simulated sensor data inserted into the database.
2024-12-27 20:44:27 - INFO - Simulated sensor data inserted into the database.
2024-12-27 20:44:43 - INFO - Simulated sensor data inserted into the database.
2024-12-27 20:44:58 - INFO - Simulated sensor data inserted into the database.
2024-12-27 20:45:13 - INFO - Simulated sensor data inserted into the database.
2024-12-27 20:45:28 - INFO - Simulated sensor data inserted into the database.
2024-12-27 20:45:43 - INFO - Simulated sensor data inserted into the database.
2024-12-27 20:45:58 - INFO - Simulated sensor data inserted into the database.
2024-12-27 20:46:13 - INFO - Simulated sensor data inserted into the database.
2024-12-27 20:46:28 - INFO - Simulated sensor data inserted into the database.
2024-12-27 20:46:43 - INFO - Simulated sensor data inserted into the database.
2024-12-27 20:46:58 - INFO - Simulated sensor data inserted into the database.
2024-12-27 20:47:13 - INFO - Simulated sensor data inserted into the database.
2024-12-27 20:47:28 - INFO - Simulated sensor data inserted into the database.
2024-12-27 20:47:43 - INFO - Simulated sensor data inserted into the database.
2024-12-27 20:47:58 - INFO - Simulated sensor data inserted into the database.
2024-12-27 20:48:13 - INFO - Simulated sensor data inserted into the database.
2024-12-27 20:48:28 - INFO - Simulated sensor data inserted into the database.
2024-12-27 20:48:43 - INFO - Simulated sensor data inserted into the database.
2024-12-27 20:48:58 - INFO - Simulated sensor data inserted into the database.
2024-12-27 20:49:13 - INFO - Simulated sensor data inserted into the database.
2024-12-27 20:49:28 - INFO - Simulated sensor data inserted into the database.
2024-12-27 20:49:44 - INFO - Simulated sensor data inserted into the database.
2024-12-27 20:49:59 - INFO - Simulated sensor data inserted into the database.
2024-12-27 20:50:14 - INFO - Simulated sensor data inserted into the database.
2024-12-27 20:50:29 - INFO - Simulated sensor data inserted into the database.
2024-12-27 20:50:44 - INFO - Simulated sensor data inserted into the database.
2024-12-27 20:50:59 - INFO - Simulated sensor data inserted into the database.
2024-12-27 20:51:14 - INFO - Simulated sensor data inserted into the database.
2024-12-27 20:51:29 - INFO - Simulated sensor data inserted into the database.
2024-12-27 20:51:44 - INFO - Simulated sensor data inserted into the database.
2024-12-27 20:51:59 - INFO - Simulated sensor data inserted into the database.
2024-12-27 20:52:14 - INFO - Simulated sensor data inserted into the database.
2024-12-27 20:52:29 - INFO - Simulated sensor data inserted into the database.
2024-12-27 20:52:44 - INFO - Simulated sensor data inserted into the database.
2024-12-27 20:52:59 - INFO - Simulated sensor data inserted into the database.
2024-12-27 20:53:14 - INFO - Simulated sensor data inserted into the database.
2024-12-27 20:53:29 - INFO - Simulated sensor data inserted into the database.
2024-12-27 20:53:44 - INFO - Simulated sensor data inserted into the database.
2024-12-27 20:53:59 - INFO - Simulated sensor data inserted into the database.
2024-12-27 20:54:14 - INFO - Simulated sensor data inserted into the database.
2024-12-27 20:54:29 - INFO - Simulated sensor data inserted into the database.
2024-12-27 20:54:44 - INFO - Simulated sensor data inserted into the database.
2024-12-27 20:55:00 - INFO - Simulated sensor data inserted into the database.
2024-12-27 20:55:15 - INFO - Simulated sensor data inserted into the database.
2024-12-27 20:55:30 - INFO - Simulated sensor data inserted into the database.
2024-12-27 20:55:45 - INFO - Simulated sensor data inserted into the database.
2024-12-27 20:56:00 - INFO - Simulated sensor data inserted into the database.
2024-12-27 20:56:15 - INFO - Simulated sensor data inserted into the database.
2024-12-27 20:56:30 - INFO - Simulated sensor data inserted into the database.
2024-12-27 21:01:04 - INFO - Database table for sensor data created successfully.
2024-12-27 21:01:04 - INFO - Connected to MQTT broker at localhost
2024-12-27 21:01:04 - INFO - MQTT connection successful.
2024-12-27 21:01:04 - INFO - Subscribed to MQTT topic: hvac/config
2024-12-27 21:01:19 - INFO - Simulated sensor data inserted into the database.
2024-12-27 21:01:28 - INFO - Received message on topic hvac/config: {
    "GLOBAL": {
        "averaging_interval": 60
    }
}
2024-12-27 21:01:28 - INFO - Configuration updated successfully.
2024-12-27 21:01:28 - INFO - Configuration reloaded from file.
2024-12-27 21:02:19 - INFO - Simulated sensor data inserted into the database.
2024-12-27 21:03:19 - INFO - Simulated sensor data inserted into the database.
2024-12-27 21:04:19 - INFO - Simulated sensor data inserted into the database.
2024-12-27 21:05:19 - INFO - Simulated sensor data inserted into the database.
2024-12-27 21:05:33 - INFO - Disconnected from MQTT broker.
2024-12-27 21:23:00 - INFO - Database table for sensor data created successfully.
2024-12-27 21:23:00 - INFO - Connected to MQTT broker at localhost
2024-12-27 21:23:00 - INFO - MQTT connection successful.
2024-12-27 21:23:00 - INFO - Subscribed to MQTT topic: hvac/config
2024-12-27 21:24:01 - INFO - Simulated sensor data inserted into the database.
2024-12-27 21:24:54 - INFO - Received message on topic hvac/config: {
    "GLOBAL": {
        "averaging_interval": 20
    }
}
2024-12-27 21:24:55 - INFO - Configuration updated successfully.
2024-12-27 21:24:55 - INFO - Configuration reloaded from file.
2024-12-27 21:24:55 - INFO - Simulated sensor data inserted into the database.
2024-12-27 21:25:15 - INFO - Simulated sensor data inserted into the database.
2024-12-27 21:25:35 - INFO - Simulated sensor data inserted into the database.
2024-12-27 21:25:55 - INFO - Simulated sensor data inserted into the database.
2024-12-27 21:26:15 - INFO - Simulated sensor data inserted into the database.
2024-12-27 21:26:35 - INFO - Simulated sensor data inserted into the database.
2024-12-27 21:26:55 - INFO - Simulated sensor data inserted into the database.
2024-12-27 21:27:11 - INFO - Received message on topic hvac/config: {
  "GLOBAL": {
    "averaging_interval": 30
  }
}
2024-12-27 21:27:11 - INFO - Configuration updated successfully.
2024-12-27 21:27:11 - INFO - Configuration reloaded from file.
2024-12-27 21:27:25 - INFO - Simulated sensor data inserted into the database.
2024-12-27 21:27:55 - INFO - Simulated sensor data inserted into the database.
2024-12-27 21:28:25 - INFO - Simulated sensor data inserted into the database.
2024-12-27 21:28:55 - INFO - Simulated sensor data inserted into the database.
2024-12-27 21:29:25 - INFO - Simulated sensor data inserted into the database.
2024-12-27 21:29:55 - INFO - Simulated sensor data inserted into the database.
2024-12-27 21:30:09 - INFO - Disconnected from MQTT broker.
2024-12-27 21:30:45 - INFO - Database table for sensor data created successfully.
2024-12-27 21:30:45 - INFO - Connected to MQTT broker at localhost
2024-12-27 21:30:45 - INFO - MQTT connection successful.
2024-12-27 21:30:45 - INFO - Subscribed to MQTT topic: hvac/config
2024-12-27 21:31:15 - INFO - Simulated sensor data inserted into the database.
2024-12-27 21:31:15 - ERROR - Failed to publish sensor data to MQTT: Object of type datetime is not JSON serializable
2024-12-27 21:31:45 - INFO - Simulated sensor data inserted into the database.
2024-12-27 21:31:45 - ERROR - Failed to publish sensor data to MQTT: Object of type datetime is not JSON serializable
2024-12-27 21:32:15 - INFO - Simulated sensor data inserted into the database.
2024-12-27 21:32:15 - ERROR - Failed to publish sensor data to MQTT: Object of type datetime is not JSON serializable
2024-12-27 21:32:27 - INFO - Disconnected from MQTT broker.
2024-12-27 21:32:33 - INFO - Database table for sensor data created successfully.
2024-12-27 21:32:33 - INFO - Connected to MQTT broker at localhost
2024-12-27 21:32:33 - INFO - MQTT connection successful.
2024-12-27 21:32:33 - INFO - Subscribed to MQTT topic: hvac/config
2024-12-27 21:33:03 - INFO - Disconnected from MQTT broker.
2024-12-27 21:34:47 - INFO - Database table for sensor data created successfully.
2024-12-27 21:34:47 - INFO - Connected to MQTT broker at localhost
2024-12-27 21:34:47 - INFO - MQTT connection successful.
2024-12-27 21:34:47 - INFO - Subscribed to MQTT topic: hvac/config
2024-12-27 21:35:17 - INFO - Simulated sensor data inserted into the database.
2024-12-27 21:35:17 - ERROR - Failed to publish sensor data to MQTT: MQTTManager.publish() takes 2 positional arguments but 3 were given
2024-12-27 21:35:47 - INFO - Simulated sensor data inserted into the database.
2024-12-27 21:35:47 - ERROR - Failed to publish sensor data to MQTT: MQTTManager.publish() takes 2 positional arguments but 3 were given
2024-12-27 21:36:17 - INFO - Simulated sensor data inserted into the database.
2024-12-27 21:36:17 - ERROR - Failed to publish sensor data to MQTT: MQTTManager.publish() takes 2 positional arguments but 3 were given
2024-12-27 21:36:47 - INFO - Simulated sensor data inserted into the database.
2024-12-27 21:36:47 - ERROR - Failed to publish sensor data to MQTT: MQTTManager.publish() takes 2 positional arguments but 3 were given
2024-12-27 21:37:14 - INFO - Disconnected from MQTT broker.
2024-12-27 21:37:19 - INFO - Database table for sensor data created successfully.
2024-12-27 21:37:19 - INFO - Connected to MQTT broker at localhost and subscribed to topic 'hvac/config'
2024-12-27 21:37:49 - INFO - Simulated sensor data inserted into the database.
2024-12-27 21:37:49 - ERROR - Failed to publish message: Object of type datetime is not JSON serializable
2024-12-27 21:37:49 - INFO - Published sensor data to MQTT topic: hvac/uno/sensor_data
2024-12-27 21:38:19 - INFO - Simulated sensor data inserted into the database.
2024-12-27 21:38:19 - ERROR - Failed to publish message: Object of type datetime is not JSON serializable
2024-12-27 21:38:19 - INFO - Published sensor data to MQTT topic: hvac/uno/sensor_data
2024-12-27 21:38:49 - INFO - Simulated sensor data inserted into the database.
2024-12-27 21:38:49 - ERROR - Failed to publish message: Object of type datetime is not JSON serializable
2024-12-27 21:38:49 - INFO - Published sensor data to MQTT topic: hvac/uno/sensor_data
2024-12-27 21:39:20 - INFO - Simulated sensor data inserted into the database.
2024-12-27 21:39:20 - ERROR - Failed to publish message: Object of type datetime is not JSON serializable
2024-12-27 21:39:20 - INFO - Published sensor data to MQTT topic: hvac/uno/sensor_data
2024-12-27 21:39:50 - INFO - Simulated sensor data inserted into the database.
2024-12-27 21:39:50 - ERROR - Failed to publish message: Object of type datetime is not JSON serializable
2024-12-27 21:39:50 - INFO - Published sensor data to MQTT topic: hvac/uno/sensor_data
2024-12-27 21:40:20 - INFO - Simulated sensor data inserted into the database.
2024-12-27 21:40:20 - ERROR - Failed to publish message: Object of type datetime is not JSON serializable
2024-12-27 21:40:20 - INFO - Published sensor data to MQTT topic: hvac/uno/sensor_data
2024-12-27 21:40:50 - INFO - Simulated sensor data inserted into the database.
2024-12-27 21:40:50 - ERROR - Failed to publish message: Object of type datetime is not JSON serializable
2024-12-27 21:40:50 - INFO - Published sensor data to MQTT topic: hvac/uno/sensor_data
2024-12-27 21:41:20 - INFO - Simulated sensor data inserted into the database.
2024-12-27 21:41:20 - ERROR - Failed to publish message: Object of type datetime is not JSON serializable
2024-12-27 21:41:20 - INFO - Published sensor data to MQTT topic: hvac/uno/sensor_data
2024-12-27 21:41:50 - INFO - Simulated sensor data inserted into the database.
2024-12-27 21:41:50 - ERROR - Failed to publish message: Object of type datetime is not JSON serializable
2024-12-27 21:41:50 - INFO - Published sensor data to MQTT topic: hvac/uno/sensor_data
2024-12-27 21:42:20 - INFO - Simulated sensor data inserted into the database.
2024-12-27 21:42:20 - ERROR - Failed to publish message: Object of type datetime is not JSON serializable
2024-12-27 21:42:20 - INFO - Published sensor data to MQTT topic: hvac/uno/sensor_data
2024-12-27 21:42:50 - INFO - Simulated sensor data inserted into the database.
2024-12-27 21:42:50 - ERROR - Failed to publish message: Object of type datetime is not JSON serializable
2024-12-27 21:42:50 - INFO - Published sensor data to MQTT topic: hvac/uno/sensor_data
2024-12-27 21:43:20 - INFO - Simulated sensor data inserted into the database.
2024-12-27 21:43:20 - ERROR - Failed to publish message: Object of type datetime is not JSON serializable
2024-12-27 21:43:20 - INFO - Published sensor data to MQTT topic: hvac/uno/sensor_data
2024-12-27 21:53:36 - INFO - Database table for sensor data created successfully.
2024-12-27 21:53:36 - INFO - Connected to MQTT broker at localhost and subscribed to topic 'hvac/config'
2024-12-27 21:54:06 - INFO - Simulated sensor data inserted into the database.
2024-12-27 21:54:06 - ERROR - Failed to publish message: Object of type datetime is not JSON serializable
2024-12-27 21:54:06 - INFO - Published sensor data to MQTT topic: hvac/uno/sensor_data
2024-12-27 21:54:36 - INFO - Simulated sensor data inserted into the database.
2024-12-27 21:54:36 - ERROR - Failed to publish message: Object of type datetime is not JSON serializable
2024-12-27 21:54:36 - INFO - Published sensor data to MQTT topic: hvac/uno/sensor_data
2024-12-27 21:55:06 - INFO - Simulated sensor data inserted into the database.
2024-12-27 21:55:06 - ERROR - Failed to publish message: Object of type datetime is not JSON serializable
2024-12-27 21:55:06 - INFO - Published sensor data to MQTT topic: hvac/uno/sensor_data
2024-12-27 21:55:36 - INFO - Simulated sensor data inserted into the database.
2024-12-27 21:55:36 - ERROR - Failed to publish message: Object of type datetime is not JSON serializable
2024-12-27 21:55:36 - INFO - Published sensor data to MQTT topic: hvac/uno/sensor_data
2024-12-27 21:55:42 - INFO - Disconnected from MQTT broker
2024-12-27 21:55:47 - INFO - Database table for sensor data created successfully.
2024-12-27 21:55:47 - INFO - Connected to MQTT broker at localhost and subscribed to topic 'hvac/config'
2024-12-27 21:56:17 - INFO - Simulated sensor data inserted into the database.
2024-12-27 21:56:17 - INFO - Published message to topic 'hvac/uno/sensor_data': {"temperature_inlet": 68.98, "temperature_outlet": 68.96, "humidity": 46.22, "current_phase1": 1.04, "current_phase2": 0.93, "current_phase3": 1.0, "pressure": 15.23, "timestamp": "2024-12-28T02:56:17.596340+00:00"}
2024-12-27 21:56:17 - INFO - Published sensor data to MQTT topic: hvac/uno/sensor_data
2024-12-27 21:56:47 - INFO - Simulated sensor data inserted into the database.
2024-12-27 21:56:47 - INFO - Published message to topic 'hvac/uno/sensor_data': {"temperature_inlet": 67.87, "temperature_outlet": 67.86, "humidity": 45.34, "current_phase1": 1.02, "current_phase2": 0.99, "current_phase3": 1.05, "pressure": 15.39, "timestamp": "2024-12-28T02:56:47.645992+00:00"}
2024-12-27 21:56:47 - INFO - Published sensor data to MQTT topic: hvac/uno/sensor_data
2024-12-27 21:57:17 - INFO - Simulated sensor data inserted into the database.
2024-12-27 21:57:17 - INFO - Published message to topic 'hvac/uno/sensor_data': {"temperature_inlet": 68.08, "temperature_outlet": 68.09, "humidity": 42.83, "current_phase1": 1.12, "current_phase2": 1.09, "current_phase3": 1.06, "pressure": 14.99, "timestamp": "2024-12-28T02:57:17.684334+00:00"}
2024-12-27 21:57:17 - INFO - Published sensor data to MQTT topic: hvac/uno/sensor_data
2024-12-27 21:57:47 - INFO - Simulated sensor data inserted into the database.
2024-12-27 21:57:47 - INFO - Published message to topic 'hvac/uno/sensor_data': {"temperature_inlet": 67.71, "temperature_outlet": 67.68, "humidity": 42.44, "current_phase1": 0.96, "current_phase2": 0.99, "current_phase3": 0.99, "pressure": 14.67, "timestamp": "2024-12-28T02:57:47.719106+00:00"}
2024-12-27 21:57:47 - INFO - Published sensor data to MQTT topic: hvac/uno/sensor_data
2024-12-27 21:58:17 - INFO - Simulated sensor data inserted into the database.
2024-12-27 21:58:17 - INFO - Published message to topic 'hvac/uno/sensor_data': {"temperature_inlet": 68.48, "temperature_outlet": 68.52, "humidity": 43.65, "current_phase1": 1.02, "current_phase2": 1.11, "current_phase3": 0.9, "pressure": 14.77, "timestamp": "2024-12-28T02:58:17.766632+00:00"}
2024-12-27 21:58:17 - INFO - Published sensor data to MQTT topic: hvac/uno/sensor_data
2024-12-27 21:58:47 - INFO - Simulated sensor data inserted into the database.
2024-12-27 21:58:47 - INFO - Published message to topic 'hvac/uno/sensor_data': {"temperature_inlet": 68.26, "temperature_outlet": 68.21, "humidity": 46.03, "current_phase1": 0.93, "current_phase2": 0.98, "current_phase3": 1.06, "pressure": 14.76, "timestamp": "2024-12-28T02:58:47.814952+00:00"}
2024-12-27 21:58:47 - INFO - Published sensor data to MQTT topic: hvac/uno/sensor_data
2024-12-27 21:59:17 - INFO - Simulated sensor data inserted into the database.
2024-12-27 21:59:17 - INFO - Published message to topic 'hvac/uno/sensor_data': {"temperature_inlet": 66.59, "temperature_outlet": 66.58, "humidity": 48.52, "current_phase1": 1.13, "current_phase2": 1.06, "current_phase3": 1.08, "pressure": 14.95, "timestamp": "2024-12-28T02:59:17.850500+00:00"}
2024-12-27 21:59:17 - INFO - Published sensor data to MQTT topic: hvac/uno/sensor_data
2024-12-27 21:59:47 - INFO - Simulated sensor data inserted into the database.
2024-12-27 21:59:47 - INFO - Published message to topic 'hvac/uno/sensor_data': {"temperature_inlet": 66.45, "temperature_outlet": 66.46, "humidity": 50.36, "current_phase1": 1.0, "current_phase2": 1.0, "current_phase3": 0.99, "pressure": 14.86, "timestamp": "2024-12-28T02:59:47.876948+00:00"}
2024-12-27 21:59:47 - INFO - Published sensor data to MQTT topic: hvac/uno/sensor_data
2024-12-27 22:00:17 - INFO - Simulated sensor data inserted into the database.
2024-12-27 22:00:17 - INFO - Published message to topic 'hvac/uno/sensor_data': {"temperature_inlet": 66.33, "temperature_outlet": 66.34, "humidity": 49.9, "current_phase1": 0.99, "current_phase2": 0.93, "current_phase3": 0.95, "pressure": 14.64, "timestamp": "2024-12-28T03:00:17.922283+00:00"}
2024-12-27 22:00:17 - INFO - Published sensor data to MQTT topic: hvac/uno/sensor_data
2024-12-27 22:00:48 - INFO - Simulated sensor data inserted into the database.
2024-12-27 22:00:48 - INFO - Published message to topic 'hvac/uno/sensor_data': {"temperature_inlet": 66.38, "temperature_outlet": 66.36, "humidity": 48.4, "current_phase1": 1.01, "current_phase2": 1.03, "current_phase3": 0.91, "pressure": 14.49, "timestamp": "2024-12-28T03:00:47.976423+00:00"}
2024-12-27 22:00:48 - INFO - Published sensor data to MQTT topic: hvac/uno/sensor_data
2024-12-27 22:01:18 - INFO - Simulated sensor data inserted into the database.
2024-12-27 22:01:18 - INFO - Published message to topic 'hvac/uno/sensor_data': {"temperature_inlet": 65.76, "temperature_outlet": 65.76, "humidity": 46.27, "current_phase1": 0.94, "current_phase2": 1.01, "current_phase3": 1.13, "pressure": 14.31, "timestamp": "2024-12-28T03:01:18.025326+00:00"}
2024-12-27 22:01:18 - INFO - Published sensor data to MQTT topic: hvac/uno/sensor_data
2024-12-27 22:01:48 - INFO - Simulated sensor data inserted into the database.
2024-12-27 22:01:48 - INFO - Published message to topic 'hvac/uno/sensor_data': {"temperature_inlet": 64.63, "temperature_outlet": 64.61, "humidity": 45.56, "current_phase1": 0.98, "current_phase2": 1.05, "current_phase3": 0.9, "pressure": 14.57, "timestamp": "2024-12-28T03:01:48.075374+00:00"}
2024-12-27 22:01:48 - INFO - Published sensor data to MQTT topic: hvac/uno/sensor_data
2024-12-27 22:02:18 - INFO - Simulated sensor data inserted into the database.
2024-12-27 22:02:18 - INFO - Published message to topic 'hvac/uno/sensor_data': {"temperature_inlet": 64.03, "temperature_outlet": 64.03, "humidity": 44.97, "current_phase1": 0.94, "current_phase2": 1.01, "current_phase3": 0.9, "pressure": 14.45, "timestamp": "2024-12-28T03:02:18.128165+00:00"}
2024-12-27 22:02:18 - INFO - Published sensor data to MQTT topic: hvac/uno/sensor_data
